2025/04/11 13:19:18 Starting server on port 5000
2025/04/11 13:19:18 Starting metrics server on :8080
2025/04/11 13:19:18 Starting main server on :5000
2025/04/11 13:19:44 Incoming request: GET /
2025/04/11 13:19:44 Incoming request: GET /images/image1.jpg
2025/04/11 13:19:44 Incoming request: GET /images/image2.jpg
2025/04/11 13:19:45 Incoming request: GET /favicon.ico
2025/04/11 13:20:18 Incoming request: GET /
2025/04/11 13:20:18 Incoming request: GET /images/image1.jpg
2025/04/11 13:20:18 Incoming request: GET /images/image2.jpg
2025/04/11 13:20:18 Incoming request: GET /favicon.ico
2025/04/11 13:20:23 Shutting down servers...
2025/04/11 13:20:23 Servers stopped.
2025/04/11 18:45:04 Starting server on port 5000
2025/04/11 18:45:04 Ошибка инициализации базы данных: не удалось подключиться к базе данных: sql: unknown driver "postgres" (forgotten import?)
2025/04/11 19:02:38 Starting server on port 5000
2025/04/11 19:02:38 Starting metrics server on :8080
2025/04/11 19:02:38 Starting main server on :5000
2025/04/11 19:02:59 Incoming request: GET /favicon.ico
2025/04/11 19:03:00 Incoming request: GET /
2025/04/11 19:03:00 Incoming request: GET /images/image1.jpg
2025/04/11 19:03:00 Incoming request: GET /images/image2.jpg
2025/04/11 19:03:00 Incoming request: GET /favicon.ico
2025/04/11 19:03:01 Incoming request: GET /
2025/04/11 19:03:01 Incoming request: GET /favicon.ico
2025/04/11 19:03:20 Shutting down servers...
2025/04/11 19:03:20 Servers stopped.
